{"C:\\Users\\mdshe\\OneDrive\\Desktop\\testfolder\\azure-nodejs-function\\azure-nodejs-function\\database-config\\Dbconfig.js": {"path":"C:\\Users\\mdshe\\OneDrive\\Desktop\\testfolder\\azure-nodejs-function\\azure-nodejs-function\\database-config\\Dbconfig.js","statementMap":{"0":{"start":{"line":1,"column":22},"end":{"line":1,"column":52}},"1":{"start":{"line":3,"column":12},"end":{"line":3,"column":41}},"2":{"start":{"line":4,"column":15},"end":{"line":4,"column":49}},"3":{"start":{"line":7,"column":14},"end":{"line":7,"column":43}},"4":{"start":{"line":8,"column":17},"end":{"line":8,"column":51}},"5":{"start":{"line":10,"column":17},"end":{"line":10,"column":37}},"6":{"start":{"line":11,"column":2},"end":{"line":11,"column":25}},"7":{"start":{"line":12,"column":13},"end":{"line":12,"column":30}},"8":{"start":{"line":13,"column":2},"end":{"line":13,"column":12}},"9":{"start":{"line":16,"column":0},"end":{"line":16,"column":34}}},"fnMap":{"0":{"name":"connectToMongoDB","decl":{"start":{"line":6,"column":15},"end":{"line":6,"column":31}},"loc":{"start":{"line":6,"column":34},"end":{"line":14,"column":1}},"line":6}},"branchMap":{},"s":{"0":4,"1":4,"2":4,"3":35,"4":35,"5":35,"6":35,"7":35,"8":35,"9":4},"f":{"0":35},"b":{},"_coverageSchema":"1a1c01bbd47fc00a2c39e90264f33305004495a9","hash":"7bce3542278606a814a41fdc7032826c00e5b08c"}
,"C:\\Users\\mdshe\\OneDrive\\Desktop\\testfolder\\azure-nodejs-function\\azure-nodejs-function\\employees-delete\\index.js": {"path":"C:\\Users\\mdshe\\OneDrive\\Desktop\\testfolder\\azure-nodejs-function\\azure-nodejs-function\\employees-delete\\index.js","statementMap":{"0":{"start":{"line":1,"column":33},"end":{"line":1,"column":74}},"1":{"start":{"line":2,"column":25},"end":{"line":2,"column":63}},"2":{"start":{"line":4,"column":0},"end":{"line":76,"column":2}},"3":{"start":{"line":5,"column":2},"end":{"line":75,"column":3}},"4":{"start":{"line":7,"column":17},"end":{"line":7,"column":65}},"5":{"start":{"line":8,"column":4},"end":{"line":8,"column":43}},"6":{"start":{"line":9,"column":4},"end":{"line":15,"column":5}},"7":{"start":{"line":10,"column":6},"end":{"line":13,"column":8}},"8":{"start":{"line":14,"column":6},"end":{"line":14,"column":13}},"9":{"start":{"line":18,"column":15},"end":{"line":18,"column":39}},"10":{"start":{"line":19,"column":23},"end":{"line":19,"column":74}},"11":{"start":{"line":21,"column":19},"end":{"line":21,"column":45}},"12":{"start":{"line":24,"column":4},"end":{"line":36,"column":5}},"13":{"start":{"line":25,"column":6},"end":{"line":25,"column":62}},"14":{"start":{"line":26,"column":6},"end":{"line":34,"column":8}},"15":{"start":{"line":35,"column":6},"end":{"line":35,"column":13}},"16":{"start":{"line":39,"column":19},"end":{"line":39,"column":65}},"17":{"start":{"line":40,"column":4},"end":{"line":65,"column":5}},"18":{"start":{"line":41,"column":6},"end":{"line":41,"column":59}},"19":{"start":{"line":42,"column":6},"end":{"line":51,"column":8}},"20":{"start":{"line":53,"column":6},"end":{"line":53,"column":70}},"21":{"start":{"line":54,"column":6},"end":{"line":64,"column":8}},"22":{"start":{"line":67,"column":4},"end":{"line":67,"column":69}},"23":{"start":{"line":68,"column":4},"end":{"line":74,"column":6}}},"fnMap":{"0":{"name":"(anonymous_0)","decl":{"start":{"line":4,"column":17},"end":{"line":4,"column":18}},"loc":{"start":{"line":4,"column":47},"end":{"line":76,"column":1}},"line":4}},"branchMap":{"0":{"loc":{"start":{"line":9,"column":4},"end":{"line":15,"column":5}},"type":"if","locations":[{"start":{"line":9,"column":4},"end":{"line":15,"column":5}},{"start":{},"end":{}}],"line":9},"1":{"loc":{"start":{"line":24,"column":4},"end":{"line":36,"column":5}},"type":"if","locations":[{"start":{"line":24,"column":4},"end":{"line":36,"column":5}},{"start":{},"end":{}}],"line":24},"2":{"loc":{"start":{"line":40,"column":4},"end":{"line":65,"column":5}},"type":"if","locations":[{"start":{"line":40,"column":4},"end":{"line":65,"column":5}},{"start":{"line":52,"column":11},"end":{"line":65,"column":5}}],"line":40}},"s":{"0":1,"1":1,"2":1,"3":6,"4":6,"5":5,"6":5,"7":2,"8":2,"9":3,"10":3,"11":3,"12":3,"13":1,"14":1,"15":1,"16":2,"17":2,"18":1,"19":1,"20":1,"21":1,"22":1,"23":1},"f":{"0":6},"b":{"0":[2,3],"1":[1,2],"2":[1,1]},"_coverageSchema":"1a1c01bbd47fc00a2c39e90264f33305004495a9","hash":"94225f322497559356d7249dc40d28f1ec9cff72"}
,"C:\\Users\\mdshe\\OneDrive\\Desktop\\testfolder\\azure-nodejs-function\\azure-nodejs-function\\employees-get\\index.js": {"path":"C:\\Users\\mdshe\\OneDrive\\Desktop\\testfolder\\azure-nodejs-function\\azure-nodejs-function\\employees-get\\index.js","statementMap":{"0":{"start":{"line":1,"column":33},"end":{"line":1,"column":74}},"1":{"start":{"line":2,"column":25},"end":{"line":2,"column":63}},"2":{"start":{"line":4,"column":0},"end":{"line":89,"column":2}},"3":{"start":{"line":5,"column":2},"end":{"line":88,"column":3}},"4":{"start":{"line":7,"column":17},"end":{"line":7,"column":65}},"5":{"start":{"line":8,"column":0},"end":{"line":8,"column":34}},"6":{"start":{"line":9,"column":4},"end":{"line":15,"column":5}},"7":{"start":{"line":10,"column":6},"end":{"line":13,"column":8}},"8":{"start":{"line":14,"column":6},"end":{"line":14,"column":13}},"9":{"start":{"line":18,"column":15},"end":{"line":18,"column":39}},"10":{"start":{"line":19,"column":23},"end":{"line":19,"column":74}},"11":{"start":{"line":22,"column":25},"end":{"line":22,"column":27}},"12":{"start":{"line":25,"column":24},"end":{"line":25,"column":40}},"13":{"start":{"line":26,"column":4},"end":{"line":36,"column":5}},"14":{"start":{"line":27,"column":26},"end":{"line":27,"column":48}},"15":{"start":{"line":28,"column":6},"end":{"line":30,"column":7}},"16":{"start":{"line":29,"column":8},"end":{"line":29,"column":106}},"17":{"start":{"line":31,"column":29},"end":{"line":31,"column":40}},"18":{"start":{"line":32,"column":6},"end":{"line":33,"column":44}},"19":{"start":{"line":33,"column":6},"end":{"line":33,"column":44}},"20":{"start":{"line":34,"column":6},"end":{"line":34,"column":34}},"21":{"start":{"line":39,"column":22},"end":{"line":39,"column":36}},"22":{"start":{"line":40,"column":17},"end":{"line":40,"column":19}},"23":{"start":{"line":41,"column":4},"end":{"line":47,"column":5}},"24":{"start":{"line":42,"column":24},"end":{"line":42,"column":44}},"25":{"start":{"line":43,"column":6},"end":{"line":45,"column":7}},"26":{"start":{"line":44,"column":8},"end":{"line":44,"column":125}},"27":{"start":{"line":46,"column":6},"end":{"line":46,"column":59}},"28":{"start":{"line":50,"column":17},"end":{"line":50,"column":46}},"29":{"start":{"line":51,"column":21},"end":{"line":51,"column":55}},"30":{"start":{"line":52,"column":17},"end":{"line":52,"column":38}},"31":{"start":{"line":54,"column":4},"end":{"line":54,"column":44}},"32":{"start":{"line":55,"column":4},"end":{"line":55,"column":28}},"33":{"start":{"line":57,"column":20},"end":{"line":62,"column":16}},"34":{"start":{"line":63,"column":6},"end":{"line":63,"column":33}},"35":{"start":{"line":64,"column":4},"end":{"line":77,"column":6}},"36":{"start":{"line":79,"column":4},"end":{"line":87,"column":6}},"37":{"start":{"line":92,"column":2},"end":{"line":97,"column":4}}},"fnMap":{"0":{"name":"(anonymous_0)","decl":{"start":{"line":4,"column":17},"end":{"line":4,"column":18}},"loc":{"start":{"line":4,"column":47},"end":{"line":89,"column":1}},"line":4},"1":{"name":"handleBadRequest","decl":{"start":{"line":91,"column":9},"end":{"line":91,"column":25}},"loc":{"start":{"line":91,"column":44},"end":{"line":98,"column":1}},"line":91}},"branchMap":{"0":{"loc":{"start":{"line":9,"column":4},"end":{"line":15,"column":5}},"type":"if","locations":[{"start":{"line":9,"column":4},"end":{"line":15,"column":5}},{"start":{},"end":{}}],"line":9},"1":{"loc":{"start":{"line":26,"column":4},"end":{"line":36,"column":5}},"type":"if","locations":[{"start":{"line":26,"column":4},"end":{"line":36,"column":5}},{"start":{},"end":{}}],"line":26},"2":{"loc":{"start":{"line":28,"column":6},"end":{"line":30,"column":7}},"type":"if","locations":[{"start":{"line":28,"column":6},"end":{"line":30,"column":7}},{"start":{},"end":{}}],"line":28},"3":{"loc":{"start":{"line":32,"column":6},"end":{"line":33,"column":44}},"type":"if","locations":[{"start":{"line":32,"column":6},"end":{"line":33,"column":44}},{"start":{},"end":{}}],"line":32},"4":{"loc":{"start":{"line":41,"column":4},"end":{"line":47,"column":5}},"type":"if","locations":[{"start":{"line":41,"column":4},"end":{"line":47,"column":5}},{"start":{},"end":{}}],"line":41},"5":{"loc":{"start":{"line":43,"column":6},"end":{"line":45,"column":7}},"type":"if","locations":[{"start":{"line":43,"column":6},"end":{"line":45,"column":7}},{"start":{},"end":{}}],"line":43},"6":{"loc":{"start":{"line":43,"column":10},"end":{"line":43,"column":87}},"type":"binary-expr","locations":[{"start":{"line":43,"column":10},"end":{"line":43,"column":32}},{"start":{"line":43,"column":37},"end":{"line":43,"column":59}},{"start":{"line":43,"column":63},"end":{"line":43,"column":86}}],"line":43},"7":{"loc":{"start":{"line":46,"column":27},"end":{"line":46,"column":58}},"type":"cond-expr","locations":[{"start":{"line":46,"column":52},"end":{"line":46,"column":53}},{"start":{"line":46,"column":56},"end":{"line":46,"column":58}}],"line":46},"8":{"loc":{"start":{"line":50,"column":17},"end":{"line":50,"column":46}},"type":"binary-expr","locations":[{"start":{"line":50,"column":17},"end":{"line":50,"column":41}},{"start":{"line":50,"column":45},"end":{"line":50,"column":46}}],"line":50},"9":{"loc":{"start":{"line":51,"column":21},"end":{"line":51,"column":55}},"type":"binary-expr","locations":[{"start":{"line":51,"column":21},"end":{"line":51,"column":49}},{"start":{"line":51,"column":53},"end":{"line":51,"column":55}}],"line":51}},"s":{"0":1,"1":1,"2":1,"3":16,"4":16,"5":15,"6":15,"7":3,"8":3,"9":12,"10":12,"11":12,"12":12,"13":12,"14":3,"15":3,"16":1,"17":2,"18":2,"19":1,"20":2,"21":11,"22":11,"23":11,"24":4,"25":4,"26":1,"27":3,"28":10,"29":10,"30":10,"31":10,"32":10,"33":10,"34":10,"35":10,"36":1,"37":2},"f":{"0":16,"1":2},"b":{"0":[3,12],"1":[3,9],"2":[1,2],"3":[1,1],"4":[4,7],"5":[1,3],"6":[4,3,2],"7":[1,2],"8":[10,5],"9":[10,10]},"_coverageSchema":"1a1c01bbd47fc00a2c39e90264f33305004495a9","hash":"548ea874eb037c4803ab6d1c70180ab1c543c412"}
,"C:\\Users\\mdshe\\OneDrive\\Desktop\\testfolder\\azure-nodejs-function\\azure-nodejs-function\\employees-post\\index.js": {"path":"C:\\Users\\mdshe\\OneDrive\\Desktop\\testfolder\\azure-nodejs-function\\azure-nodejs-function\\employees-post\\index.js","statementMap":{"0":{"start":{"line":1,"column":33},"end":{"line":1,"column":74}},"1":{"start":{"line":2,"column":25},"end":{"line":2,"column":63}},"2":{"start":{"line":3,"column":12},"end":{"line":3,"column":26}},"3":{"start":{"line":5,"column":21},"end":{"line":12,"column":2}},"4":{"start":{"line":14,"column":0},"end":{"line":56,"column":2}},"5":{"start":{"line":15,"column":2},"end":{"line":55,"column":3}},"6":{"start":{"line":16,"column":17},"end":{"line":16,"column":65}},"7":{"start":{"line":17,"column":4},"end":{"line":17,"column":38}},"8":{"start":{"line":18,"column":4},"end":{"line":23,"column":5}},"9":{"start":{"line":19,"column":6},"end":{"line":22,"column":9}},"10":{"start":{"line":25,"column":15},"end":{"line":25,"column":39}},"11":{"start":{"line":26,"column":23},"end":{"line":26,"column":74}},"12":{"start":{"line":28,"column":25},"end":{"line":28,"column":33}},"13":{"start":{"line":29,"column":22},"end":{"line":29,"column":57}},"14":{"start":{"line":31,"column":4},"end":{"line":46,"column":1}},"15":{"start":{"line":32,"column":6},"end":{"line":32,"column":61}},"16":{"start":{"line":33,"column":6},"end":{"line":36,"column":9}},"17":{"start":{"line":39,"column":5},"end":{"line":39,"column":46}},"18":{"start":{"line":41,"column":5},"end":{"line":41,"column":64}},"19":{"start":{"line":42,"column":4},"end":{"line":45,"column":6}},"20":{"start":{"line":50,"column":4},"end":{"line":50,"column":58}},"21":{"start":{"line":51,"column":4},"end":{"line":54,"column":6}}},"fnMap":{"0":{"name":"(anonymous_0)","decl":{"start":{"line":14,"column":17},"end":{"line":14,"column":18}},"loc":{"start":{"line":14,"column":47},"end":{"line":56,"column":1}},"line":14}},"branchMap":{"0":{"loc":{"start":{"line":18,"column":4},"end":{"line":23,"column":5}},"type":"if","locations":[{"start":{"line":18,"column":4},"end":{"line":23,"column":5}},{"start":{},"end":{}}],"line":18},"1":{"loc":{"start":{"line":31,"column":4},"end":{"line":46,"column":1}},"type":"if","locations":[{"start":{"line":31,"column":4},"end":{"line":46,"column":1}},{"start":{"line":38,"column":4},"end":{"line":46,"column":1}}],"line":31}},"s":{"0":1,"1":1,"2":1,"3":1,"4":1,"5":12,"6":12,"7":11,"8":11,"9":2,"10":9,"11":9,"12":9,"13":9,"14":9,"15":8,"16":8,"17":1,"18":1,"19":1,"20":1,"21":1},"f":{"0":12},"b":{"0":[2,9],"1":[8,1]},"_coverageSchema":"1a1c01bbd47fc00a2c39e90264f33305004495a9","hash":"a42626df6e0353d525efc8c261caac700328ac58"}
,"C:\\Users\\mdshe\\OneDrive\\Desktop\\testfolder\\azure-nodejs-function\\azure-nodejs-function\\employees-update\\index.js": {"path":"C:\\Users\\mdshe\\OneDrive\\Desktop\\testfolder\\azure-nodejs-function\\azure-nodejs-function\\employees-update\\index.js","statementMap":{"0":{"start":{"line":1,"column":33},"end":{"line":1,"column":74}},"1":{"start":{"line":2,"column":25},"end":{"line":2,"column":63}},"2":{"start":{"line":3,"column":12},"end":{"line":3,"column":26}},"3":{"start":{"line":5,"column":21},"end":{"line":12,"column":2}},"4":{"start":{"line":14,"column":0},"end":{"line":89,"column":2}},"5":{"start":{"line":15,"column":2},"end":{"line":88,"column":3}},"6":{"start":{"line":16,"column":17},"end":{"line":16,"column":65}},"7":{"start":{"line":17,"column":4},"end":{"line":17,"column":37}},"8":{"start":{"line":18,"column":4},"end":{"line":24,"column":5}},"9":{"start":{"line":19,"column":6},"end":{"line":22,"column":8}},"10":{"start":{"line":23,"column":6},"end":{"line":23,"column":13}},"11":{"start":{"line":27,"column":15},"end":{"line":27,"column":39}},"12":{"start":{"line":28,"column":23},"end":{"line":28,"column":74}},"13":{"start":{"line":32,"column":19},"end":{"line":32,"column":45}},"14":{"start":{"line":33,"column":24},"end":{"line":33,"column":55}},"15":{"start":{"line":34,"column":19},"end":{"line":34,"column":49}},"16":{"start":{"line":35,"column":22},"end":{"line":35,"column":56}},"17":{"start":{"line":36,"column":4},"end":{"line":36,"column":52}},"18":{"start":{"line":37,"column":4},"end":{"line":76,"column":5}},"19":{"start":{"line":38,"column":6},"end":{"line":38,"column":61}},"20":{"start":{"line":39,"column":6},"end":{"line":47,"column":8}},"21":{"start":{"line":48,"column":6},"end":{"line":48,"column":13}},"22":{"start":{"line":50,"column":21},"end":{"line":50,"column":69}},"23":{"start":{"line":52,"column":6},"end":{"line":75,"column":7}},"24":{"start":{"line":53,"column":8},"end":{"line":53,"column":57}},"25":{"start":{"line":54,"column":8},"end":{"line":62,"column":10}},"26":{"start":{"line":64,"column":8},"end":{"line":64,"column":68}},"27":{"start":{"line":65,"column":8},"end":{"line":74,"column":10}},"28":{"start":{"line":78,"column":4},"end":{"line":78,"column":73}},"29":{"start":{"line":79,"column":4},"end":{"line":87,"column":6}}},"fnMap":{"0":{"name":"(anonymous_0)","decl":{"start":{"line":14,"column":17},"end":{"line":14,"column":18}},"loc":{"start":{"line":14,"column":47},"end":{"line":89,"column":1}},"line":14}},"branchMap":{"0":{"loc":{"start":{"line":18,"column":4},"end":{"line":24,"column":5}},"type":"if","locations":[{"start":{"line":18,"column":4},"end":{"line":24,"column":5}},{"start":{},"end":{}}],"line":18},"1":{"loc":{"start":{"line":37,"column":4},"end":{"line":76,"column":5}},"type":"if","locations":[{"start":{"line":37,"column":4},"end":{"line":76,"column":5}},{"start":{"line":49,"column":11},"end":{"line":76,"column":5}}],"line":37},"2":{"loc":{"start":{"line":52,"column":6},"end":{"line":75,"column":7}},"type":"if","locations":[{"start":{"line":52,"column":6},"end":{"line":75,"column":7}},{"start":{"line":63,"column":13},"end":{"line":75,"column":7}}],"line":52}},"s":{"0":1,"1":1,"2":1,"3":1,"4":1,"5":14,"6":14,"7":13,"8":13,"9":2,"10":2,"11":11,"12":11,"13":11,"14":11,"15":11,"16":11,"17":11,"18":11,"19":9,"20":9,"21":9,"22":2,"23":2,"24":1,"25":1,"26":1,"27":1,"28":1,"29":1},"f":{"0":14},"b":{"0":[2,11],"1":[9,2],"2":[1,1]},"_coverageSchema":"1a1c01bbd47fc00a2c39e90264f33305004495a9","hash":"75955a765605635999ec409804851e2dfc93160d"}
,"C:\\Users\\mdshe\\OneDrive\\Desktop\\testfolder\\azure-nodejs-function\\azure-nodejs-function\\validate-token\\uservalidate.js": {"path":"C:\\Users\\mdshe\\OneDrive\\Desktop\\testfolder\\azure-nodejs-function\\azure-nodejs-function\\validate-token\\uservalidate.js","statementMap":{"0":{"start":{"line":3,"column":12},"end":{"line":3,"column":35}},"1":{"start":{"line":5,"column":20},"end":{"line":14,"column":1}},"2":{"start":{"line":6,"column":2},"end":{"line":13,"column":3}},"3":{"start":{"line":8,"column":20},"end":{"line":8,"column":48}},"4":{"start":{"line":9,"column":4},"end":{"line":9,"column":19}},"5":{"start":{"line":12,"column":4},"end":{"line":12,"column":16}},"6":{"start":{"line":16,"column":29},"end":{"line":28,"column":1}},"7":{"start":{"line":17,"column":21},"end":{"line":17,"column":49}},"8":{"start":{"line":19,"column":2},"end":{"line":21,"column":3}},"9":{"start":{"line":20,"column":4},"end":{"line":20,"column":16}},"10":{"start":{"line":24,"column":16},"end":{"line":24,"column":40}},"11":{"start":{"line":25,"column":15},"end":{"line":25,"column":44}},"12":{"start":{"line":27,"column":2},"end":{"line":27,"column":14}},"13":{"start":{"line":30,"column":0},"end":{"line":33,"column":2}}},"fnMap":{"0":{"name":"(anonymous_0)","decl":{"start":{"line":5,"column":20},"end":{"line":5,"column":21}},"loc":{"start":{"line":5,"column":42},"end":{"line":14,"column":1}},"line":5},"1":{"name":"(anonymous_1)","decl":{"start":{"line":16,"column":29},"end":{"line":16,"column":30}},"loc":{"start":{"line":16,"column":49},"end":{"line":28,"column":1}},"line":16}},"branchMap":{"0":{"loc":{"start":{"line":19,"column":2},"end":{"line":21,"column":3}},"type":"if","locations":[{"start":{"line":19,"column":2},"end":{"line":21,"column":3}},{"start":{},"end":{}}],"line":19},"1":{"loc":{"start":{"line":19,"column":6},"end":{"line":19,"column":54}},"type":"binary-expr","locations":[{"start":{"line":19,"column":6},"end":{"line":19,"column":17}},{"start":{"line":19,"column":21},"end":{"line":19,"column":54}}],"line":19}},"s":{"0":4,"1":4,"2":40,"3":40,"4":35,"5":5,"6":4,"7":48,"8":44,"9":4,"10":40,"11":40,"12":40,"13":4},"f":{"0":40,"1":48},"b":{"0":[4,40],"1":[44,44]},"_coverageSchema":"1a1c01bbd47fc00a2c39e90264f33305004495a9","hash":"48d276f49053a8e8ffcffbc7d173c6f9f7565c3c"}
}
