{"C:\\Users\\mdshe\\OneDrive\\Desktop\\azure software\\AZURE-NODEJS-FUNCTION\\AZURE-NODEJS-FUNCTION\\Dbconfig.js": {"path":"C:\\Users\\mdshe\\OneDrive\\Desktop\\azure software\\AZURE-NODEJS-FUNCTION\\AZURE-NODEJS-FUNCTION\\Dbconfig.js","statementMap":{"0":{"start":{"line":1,"column":22},"end":{"line":1,"column":52}},"1":{"start":{"line":3,"column":12},"end":{"line":3,"column":41}},"2":{"start":{"line":4,"column":15},"end":{"line":4,"column":49}},"3":{"start":{"line":7,"column":14},"end":{"line":7,"column":43}},"4":{"start":{"line":8,"column":17},"end":{"line":8,"column":51}},"5":{"start":{"line":10,"column":17},"end":{"line":10,"column":37}},"6":{"start":{"line":11,"column":2},"end":{"line":11,"column":25}},"7":{"start":{"line":12,"column":13},"end":{"line":12,"column":30}},"8":{"start":{"line":13,"column":2},"end":{"line":13,"column":12}},"9":{"start":{"line":16,"column":0},"end":{"line":16,"column":34}}},"fnMap":{"0":{"name":"connectToMongoDB","decl":{"start":{"line":6,"column":15},"end":{"line":6,"column":31}},"loc":{"start":{"line":6,"column":34},"end":{"line":14,"column":1}},"line":6}},"branchMap":{},"s":{"0":4,"1":4,"2":4,"3":35,"4":35,"5":35,"6":35,"7":35,"8":35,"9":4},"f":{"0":35},"b":{},"_coverageSchema":"1a1c01bbd47fc00a2c39e90264f33305004495a9","hash":"2d1442678b224dfe1a762d1eced0792a063cba56"}
,"C:\\Users\\mdshe\\OneDrive\\Desktop\\azure software\\AZURE-NODEJS-FUNCTION\\AZURE-NODEJS-FUNCTION\\uservalidate.js": {"path":"C:\\Users\\mdshe\\OneDrive\\Desktop\\azure software\\AZURE-NODEJS-FUNCTION\\AZURE-NODEJS-FUNCTION\\uservalidate.js","statementMap":{"0":{"start":{"line":3,"column":12},"end":{"line":3,"column":35}},"1":{"start":{"line":5,"column":20},"end":{"line":14,"column":1}},"2":{"start":{"line":6,"column":2},"end":{"line":13,"column":3}},"3":{"start":{"line":8,"column":20},"end":{"line":8,"column":48}},"4":{"start":{"line":9,"column":4},"end":{"line":9,"column":19}},"5":{"start":{"line":12,"column":4},"end":{"line":12,"column":16}},"6":{"start":{"line":16,"column":29},"end":{"line":28,"column":1}},"7":{"start":{"line":17,"column":21},"end":{"line":17,"column":49}},"8":{"start":{"line":19,"column":2},"end":{"line":21,"column":3}},"9":{"start":{"line":20,"column":4},"end":{"line":20,"column":16}},"10":{"start":{"line":24,"column":16},"end":{"line":24,"column":40}},"11":{"start":{"line":25,"column":15},"end":{"line":25,"column":44}},"12":{"start":{"line":27,"column":2},"end":{"line":27,"column":14}},"13":{"start":{"line":30,"column":0},"end":{"line":33,"column":2}}},"fnMap":{"0":{"name":"(anonymous_0)","decl":{"start":{"line":5,"column":20},"end":{"line":5,"column":21}},"loc":{"start":{"line":5,"column":42},"end":{"line":14,"column":1}},"line":5},"1":{"name":"(anonymous_1)","decl":{"start":{"line":16,"column":29},"end":{"line":16,"column":30}},"loc":{"start":{"line":16,"column":49},"end":{"line":28,"column":1}},"line":16}},"branchMap":{"0":{"loc":{"start":{"line":19,"column":2},"end":{"line":21,"column":3}},"type":"if","locations":[{"start":{"line":19,"column":2},"end":{"line":21,"column":3}},{"start":{},"end":{}}],"line":19},"1":{"loc":{"start":{"line":19,"column":6},"end":{"line":19,"column":54}},"type":"binary-expr","locations":[{"start":{"line":19,"column":6},"end":{"line":19,"column":17}},{"start":{"line":19,"column":21},"end":{"line":19,"column":54}}],"line":19}},"s":{"0":4,"1":4,"2":40,"3":40,"4":35,"5":5,"6":4,"7":48,"8":44,"9":4,"10":40,"11":40,"12":40,"13":4},"f":{"0":40,"1":48},"b":{"0":[4,40],"1":[44,44]},"_coverageSchema":"1a1c01bbd47fc00a2c39e90264f33305004495a9","hash":"9c043eda949b34cfdd13e77d6249733721b8b5d5"}
,"C:\\Users\\mdshe\\OneDrive\\Desktop\\azure software\\AZURE-NODEJS-FUNCTION\\AZURE-NODEJS-FUNCTION\\employees-delete\\index.js": {"path":"C:\\Users\\mdshe\\OneDrive\\Desktop\\azure software\\AZURE-NODEJS-FUNCTION\\AZURE-NODEJS-FUNCTION\\employees-delete\\index.js","statementMap":{"0":{"start":{"line":1,"column":33},"end":{"line":1,"column":59}},"1":{"start":{"line":2,"column":25},"end":{"line":2,"column":47}},"2":{"start":{"line":4,"column":0},"end":{"line":76,"column":2}},"3":{"start":{"line":5,"column":2},"end":{"line":75,"column":3}},"4":{"start":{"line":7,"column":17},"end":{"line":7,"column":65}},"5":{"start":{"line":9,"column":4},"end":{"line":15,"column":5}},"6":{"start":{"line":10,"column":6},"end":{"line":13,"column":8}},"7":{"start":{"line":14,"column":6},"end":{"line":14,"column":13}},"8":{"start":{"line":18,"column":15},"end":{"line":18,"column":39}},"9":{"start":{"line":19,"column":23},"end":{"line":19,"column":74}},"10":{"start":{"line":21,"column":19},"end":{"line":21,"column":45}},"11":{"start":{"line":24,"column":4},"end":{"line":36,"column":5}},"12":{"start":{"line":25,"column":6},"end":{"line":25,"column":62}},"13":{"start":{"line":26,"column":6},"end":{"line":34,"column":8}},"14":{"start":{"line":35,"column":6},"end":{"line":35,"column":13}},"15":{"start":{"line":39,"column":19},"end":{"line":39,"column":65}},"16":{"start":{"line":40,"column":4},"end":{"line":65,"column":5}},"17":{"start":{"line":41,"column":6},"end":{"line":41,"column":46}},"18":{"start":{"line":42,"column":6},"end":{"line":51,"column":8}},"19":{"start":{"line":53,"column":6},"end":{"line":53,"column":56}},"20":{"start":{"line":54,"column":6},"end":{"line":64,"column":8}},"21":{"start":{"line":67,"column":4},"end":{"line":67,"column":47}},"22":{"start":{"line":68,"column":4},"end":{"line":74,"column":6}}},"fnMap":{"0":{"name":"(anonymous_0)","decl":{"start":{"line":4,"column":17},"end":{"line":4,"column":18}},"loc":{"start":{"line":4,"column":47},"end":{"line":76,"column":1}},"line":4}},"branchMap":{"0":{"loc":{"start":{"line":9,"column":4},"end":{"line":15,"column":5}},"type":"if","locations":[{"start":{"line":9,"column":4},"end":{"line":15,"column":5}},{"start":{},"end":{}}],"line":9},"1":{"loc":{"start":{"line":24,"column":4},"end":{"line":36,"column":5}},"type":"if","locations":[{"start":{"line":24,"column":4},"end":{"line":36,"column":5}},{"start":{},"end":{}}],"line":24},"2":{"loc":{"start":{"line":40,"column":4},"end":{"line":65,"column":5}},"type":"if","locations":[{"start":{"line":40,"column":4},"end":{"line":65,"column":5}},{"start":{"line":52,"column":11},"end":{"line":65,"column":5}}],"line":40}},"s":{"0":1,"1":1,"2":1,"3":6,"4":6,"5":5,"6":2,"7":2,"8":3,"9":3,"10":3,"11":3,"12":1,"13":1,"14":1,"15":2,"16":2,"17":1,"18":1,"19":1,"20":1,"21":1,"22":1},"f":{"0":6},"b":{"0":[2,3],"1":[1,2],"2":[1,1]},"_coverageSchema":"1a1c01bbd47fc00a2c39e90264f33305004495a9","hash":"d1228f7c33ef3c9bac3774b7a15ae025e2135ab9"}
,"C:\\Users\\mdshe\\OneDrive\\Desktop\\azure software\\AZURE-NODEJS-FUNCTION\\AZURE-NODEJS-FUNCTION\\employees-get\\index.js": {"path":"C:\\Users\\mdshe\\OneDrive\\Desktop\\azure software\\AZURE-NODEJS-FUNCTION\\AZURE-NODEJS-FUNCTION\\employees-get\\index.js","statementMap":{"0":{"start":{"line":1,"column":33},"end":{"line":1,"column":59}},"1":{"start":{"line":2,"column":25},"end":{"line":2,"column":47}},"2":{"start":{"line":4,"column":0},"end":{"line":83,"column":2}},"3":{"start":{"line":5,"column":2},"end":{"line":82,"column":3}},"4":{"start":{"line":7,"column":17},"end":{"line":7,"column":65}},"5":{"start":{"line":9,"column":4},"end":{"line":15,"column":5}},"6":{"start":{"line":10,"column":6},"end":{"line":13,"column":8}},"7":{"start":{"line":14,"column":6},"end":{"line":14,"column":13}},"8":{"start":{"line":18,"column":15},"end":{"line":18,"column":39}},"9":{"start":{"line":19,"column":23},"end":{"line":19,"column":74}},"10":{"start":{"line":22,"column":25},"end":{"line":22,"column":27}},"11":{"start":{"line":25,"column":24},"end":{"line":25,"column":40}},"12":{"start":{"line":26,"column":4},"end":{"line":33,"column":5}},"13":{"start":{"line":27,"column":26},"end":{"line":27,"column":48}},"14":{"start":{"line":28,"column":6},"end":{"line":30,"column":7}},"15":{"start":{"line":29,"column":8},"end":{"line":29,"column":106}},"16":{"start":{"line":31,"column":29},"end":{"line":31,"column":40}},"17":{"start":{"line":32,"column":6},"end":{"line":32,"column":34}},"18":{"start":{"line":36,"column":22},"end":{"line":36,"column":36}},"19":{"start":{"line":37,"column":17},"end":{"line":37,"column":19}},"20":{"start":{"line":38,"column":4},"end":{"line":44,"column":5}},"21":{"start":{"line":39,"column":24},"end":{"line":39,"column":44}},"22":{"start":{"line":40,"column":6},"end":{"line":42,"column":7}},"23":{"start":{"line":41,"column":8},"end":{"line":41,"column":125}},"24":{"start":{"line":43,"column":6},"end":{"line":43,"column":59}},"25":{"start":{"line":47,"column":17},"end":{"line":47,"column":46}},"26":{"start":{"line":48,"column":21},"end":{"line":48,"column":55}},"27":{"start":{"line":49,"column":17},"end":{"line":49,"column":38}},"28":{"start":{"line":52,"column":20},"end":{"line":57,"column":16}},"29":{"start":{"line":59,"column":4},"end":{"line":71,"column":6}},"30":{"start":{"line":73,"column":4},"end":{"line":81,"column":6}},"31":{"start":{"line":86,"column":2},"end":{"line":91,"column":4}}},"fnMap":{"0":{"name":"(anonymous_0)","decl":{"start":{"line":4,"column":17},"end":{"line":4,"column":18}},"loc":{"start":{"line":4,"column":47},"end":{"line":83,"column":1}},"line":4},"1":{"name":"handleBadRequest","decl":{"start":{"line":85,"column":9},"end":{"line":85,"column":25}},"loc":{"start":{"line":85,"column":44},"end":{"line":92,"column":1}},"line":85}},"branchMap":{"0":{"loc":{"start":{"line":9,"column":4},"end":{"line":15,"column":5}},"type":"if","locations":[{"start":{"line":9,"column":4},"end":{"line":15,"column":5}},{"start":{},"end":{}}],"line":9},"1":{"loc":{"start":{"line":26,"column":4},"end":{"line":33,"column":5}},"type":"if","locations":[{"start":{"line":26,"column":4},"end":{"line":33,"column":5}},{"start":{},"end":{}}],"line":26},"2":{"loc":{"start":{"line":28,"column":6},"end":{"line":30,"column":7}},"type":"if","locations":[{"start":{"line":28,"column":6},"end":{"line":30,"column":7}},{"start":{},"end":{}}],"line":28},"3":{"loc":{"start":{"line":38,"column":4},"end":{"line":44,"column":5}},"type":"if","locations":[{"start":{"line":38,"column":4},"end":{"line":44,"column":5}},{"start":{},"end":{}}],"line":38},"4":{"loc":{"start":{"line":40,"column":6},"end":{"line":42,"column":7}},"type":"if","locations":[{"start":{"line":40,"column":6},"end":{"line":42,"column":7}},{"start":{},"end":{}}],"line":40},"5":{"loc":{"start":{"line":40,"column":10},"end":{"line":40,"column":87}},"type":"binary-expr","locations":[{"start":{"line":40,"column":10},"end":{"line":40,"column":32}},{"start":{"line":40,"column":37},"end":{"line":40,"column":59}},{"start":{"line":40,"column":63},"end":{"line":40,"column":86}}],"line":40},"6":{"loc":{"start":{"line":43,"column":27},"end":{"line":43,"column":58}},"type":"cond-expr","locations":[{"start":{"line":43,"column":52},"end":{"line":43,"column":53}},{"start":{"line":43,"column":56},"end":{"line":43,"column":58}}],"line":43},"7":{"loc":{"start":{"line":47,"column":17},"end":{"line":47,"column":46}},"type":"binary-expr","locations":[{"start":{"line":47,"column":17},"end":{"line":47,"column":41}},{"start":{"line":47,"column":45},"end":{"line":47,"column":46}}],"line":47},"8":{"loc":{"start":{"line":48,"column":21},"end":{"line":48,"column":55}},"type":"binary-expr","locations":[{"start":{"line":48,"column":21},"end":{"line":48,"column":49}},{"start":{"line":48,"column":53},"end":{"line":48,"column":55}}],"line":48}},"s":{"0":1,"1":1,"2":1,"3":15,"4":15,"5":14,"6":3,"7":3,"8":11,"9":11,"10":11,"11":11,"12":11,"13":2,"14":2,"15":1,"16":1,"17":1,"18":10,"19":10,"20":10,"21":4,"22":4,"23":1,"24":3,"25":9,"26":9,"27":9,"28":9,"29":9,"30":1,"31":2},"f":{"0":15,"1":2},"b":{"0":[3,11],"1":[2,9],"2":[1,1],"3":[4,6],"4":[1,3],"5":[4,3,2],"6":[1,2],"7":[9,4],"8":[9,9]},"_coverageSchema":"1a1c01bbd47fc00a2c39e90264f33305004495a9","hash":"d570abf22d970f91cf262311d5933a3ed9daec65"}
,"C:\\Users\\mdshe\\OneDrive\\Desktop\\azure software\\AZURE-NODEJS-FUNCTION\\AZURE-NODEJS-FUNCTION\\employees-post\\index.js": {"path":"C:\\Users\\mdshe\\OneDrive\\Desktop\\azure software\\AZURE-NODEJS-FUNCTION\\AZURE-NODEJS-FUNCTION\\employees-post\\index.js","statementMap":{"0":{"start":{"line":1,"column":33},"end":{"line":1,"column":59}},"1":{"start":{"line":2,"column":25},"end":{"line":2,"column":47}},"2":{"start":{"line":3,"column":12},"end":{"line":3,"column":26}},"3":{"start":{"line":5,"column":21},"end":{"line":12,"column":2}},"4":{"start":{"line":14,"column":0},"end":{"line":56,"column":2}},"5":{"start":{"line":15,"column":2},"end":{"line":55,"column":3}},"6":{"start":{"line":16,"column":17},"end":{"line":16,"column":65}},"7":{"start":{"line":18,"column":4},"end":{"line":23,"column":5}},"8":{"start":{"line":19,"column":6},"end":{"line":22,"column":9}},"9":{"start":{"line":25,"column":15},"end":{"line":25,"column":39}},"10":{"start":{"line":26,"column":23},"end":{"line":26,"column":74}},"11":{"start":{"line":28,"column":25},"end":{"line":28,"column":33}},"12":{"start":{"line":29,"column":22},"end":{"line":29,"column":57}},"13":{"start":{"line":31,"column":4},"end":{"line":36,"column":5}},"14":{"start":{"line":32,"column":6},"end":{"line":35,"column":9}},"15":{"start":{"line":38,"column":29},"end":{"line":38,"column":86}},"16":{"start":{"line":40,"column":4},"end":{"line":44,"column":5}},"17":{"start":{"line":41,"column":6},"end":{"line":41,"column":90}},"18":{"start":{"line":43,"column":6},"end":{"line":43,"column":47}},"19":{"start":{"line":46,"column":4},"end":{"line":49,"column":6}},"20":{"start":{"line":51,"column":4},"end":{"line":54,"column":6}}},"fnMap":{"0":{"name":"(anonymous_0)","decl":{"start":{"line":14,"column":17},"end":{"line":14,"column":18}},"loc":{"start":{"line":14,"column":47},"end":{"line":56,"column":1}},"line":14}},"branchMap":{"0":{"loc":{"start":{"line":18,"column":4},"end":{"line":23,"column":5}},"type":"if","locations":[{"start":{"line":18,"column":4},"end":{"line":23,"column":5}},{"start":{},"end":{}}],"line":18},"1":{"loc":{"start":{"line":31,"column":4},"end":{"line":36,"column":5}},"type":"if","locations":[{"start":{"line":31,"column":4},"end":{"line":36,"column":5}},{"start":{},"end":{}}],"line":31},"2":{"loc":{"start":{"line":40,"column":4},"end":{"line":44,"column":5}},"type":"if","locations":[{"start":{"line":40,"column":4},"end":{"line":44,"column":5}},{"start":{"line":42,"column":11},"end":{"line":44,"column":5}}],"line":40}},"s":{"0":1,"1":1,"2":1,"3":1,"4":1,"5":13,"6":13,"7":12,"8":2,"9":10,"10":10,"11":10,"12":10,"13":10,"14":8,"15":2,"16":2,"17":1,"18":1,"19":2,"20":1},"f":{"0":13},"b":{"0":[2,10],"1":[8,2],"2":[1,1]},"_coverageSchema":"1a1c01bbd47fc00a2c39e90264f33305004495a9","hash":"1a97e664be8b0724e93fce7fea097de5e47faaf3"}
,"C:\\Users\\mdshe\\OneDrive\\Desktop\\azure software\\AZURE-NODEJS-FUNCTION\\AZURE-NODEJS-FUNCTION\\employees-update\\index.js": {"path":"C:\\Users\\mdshe\\OneDrive\\Desktop\\azure software\\AZURE-NODEJS-FUNCTION\\AZURE-NODEJS-FUNCTION\\employees-update\\index.js","statementMap":{"0":{"start":{"line":1,"column":33},"end":{"line":1,"column":59}},"1":{"start":{"line":2,"column":25},"end":{"line":2,"column":47}},"2":{"start":{"line":3,"column":12},"end":{"line":3,"column":26}},"3":{"start":{"line":5,"column":21},"end":{"line":12,"column":2}},"4":{"start":{"line":14,"column":0},"end":{"line":85,"column":2}},"5":{"start":{"line":15,"column":2},"end":{"line":84,"column":3}},"6":{"start":{"line":16,"column":17},"end":{"line":16,"column":65}},"7":{"start":{"line":18,"column":4},"end":{"line":24,"column":5}},"8":{"start":{"line":19,"column":6},"end":{"line":22,"column":8}},"9":{"start":{"line":23,"column":6},"end":{"line":23,"column":13}},"10":{"start":{"line":27,"column":15},"end":{"line":27,"column":39}},"11":{"start":{"line":28,"column":23},"end":{"line":28,"column":74}},"12":{"start":{"line":32,"column":19},"end":{"line":32,"column":45}},"13":{"start":{"line":33,"column":24},"end":{"line":33,"column":55}},"14":{"start":{"line":34,"column":19},"end":{"line":34,"column":49}},"15":{"start":{"line":35,"column":22},"end":{"line":35,"column":56}},"16":{"start":{"line":37,"column":4},"end":{"line":73,"column":5}},"17":{"start":{"line":38,"column":6},"end":{"line":46,"column":8}},"18":{"start":{"line":47,"column":6},"end":{"line":47,"column":13}},"19":{"start":{"line":49,"column":21},"end":{"line":49,"column":69}},"20":{"start":{"line":51,"column":6},"end":{"line":72,"column":7}},"21":{"start":{"line":52,"column":8},"end":{"line":60,"column":10}},"22":{"start":{"line":62,"column":8},"end":{"line":71,"column":10}},"23":{"start":{"line":75,"column":4},"end":{"line":83,"column":6}}},"fnMap":{"0":{"name":"(anonymous_0)","decl":{"start":{"line":14,"column":17},"end":{"line":14,"column":18}},"loc":{"start":{"line":14,"column":47},"end":{"line":85,"column":1}},"line":14}},"branchMap":{"0":{"loc":{"start":{"line":18,"column":4},"end":{"line":24,"column":5}},"type":"if","locations":[{"start":{"line":18,"column":4},"end":{"line":24,"column":5}},{"start":{},"end":{}}],"line":18},"1":{"loc":{"start":{"line":37,"column":4},"end":{"line":73,"column":5}},"type":"if","locations":[{"start":{"line":37,"column":4},"end":{"line":73,"column":5}},{"start":{"line":48,"column":11},"end":{"line":73,"column":5}}],"line":37},"2":{"loc":{"start":{"line":51,"column":6},"end":{"line":72,"column":7}},"type":"if","locations":[{"start":{"line":51,"column":6},"end":{"line":72,"column":7}},{"start":{"line":61,"column":13},"end":{"line":72,"column":7}}],"line":51}},"s":{"0":1,"1":1,"2":1,"3":1,"4":1,"5":14,"6":14,"7":13,"8":2,"9":2,"10":11,"11":11,"12":11,"13":11,"14":11,"15":11,"16":11,"17":9,"18":9,"19":2,"20":2,"21":1,"22":1,"23":1},"f":{"0":14},"b":{"0":[2,11],"1":[9,2],"2":[1,1]},"_coverageSchema":"1a1c01bbd47fc00a2c39e90264f33305004495a9","hash":"039d078c6e1e0c02d9c338eafa7b316c3eba4d9e"}
}
