TN:
SF:DELETE\index.js
FN:4,(anonymous_0)
FN:26,(anonymous_1)
FNF:2
FNH:2
FNDA:5,(anonymous_0)
FNDA:4,(anonymous_1)
DA:1,1
DA:2,1
DA:3,1
DA:4,1
DA:6,5
DA:7,5
DA:10,5
DA:13,5
DA:14,5
DA:15,5
DA:16,1
DA:20,1
DA:24,4
DA:26,4
DA:27,4
DA:29,4
DA:30,3
DA:36,1
DA:41,4
DA:42,4
DA:43,4
DA:44,4
DA:45,1
DA:49,1
DA:52,3
DA:55,3
DA:56,1
DA:57,1
DA:66,1
DA:70,2
DA:71,2
DA:72,1
DA:73,1
DA:84,1
DA:85,1
LF:35
LH:35
BRDA:15,0,0,1
BRDA:15,0,1,4
BRDA:15,1,0,5
BRDA:15,1,1,5
BRDA:44,2,0,1
BRDA:44,2,1,3
BRDA:55,3,0,1
BRDA:55,3,1,2
BRDA:71,4,0,1
BRDA:71,4,1,1
BRF:10
BRH:10
end_of_record
TN:
SF:GET\index.js
FN:5,(anonymous_0)
FN:28,(anonymous_1)
FNF:2
FNH:2
FNDA:15,(anonymous_0)
FNDA:13,(anonymous_1)
DA:1,1
DA:2,1
DA:5,1
DA:7,15
DA:8,15
DA:9,15
DA:11,15
DA:14,15
DA:17,14
DA:18,1
DA:22,1
DA:26,13
DA:28,13
DA:29,13
DA:31,13
DA:32,11
DA:33,11
DA:36,2
DA:41,13
DA:43,13
DA:44,2
DA:48,2
DA:54,11
DA:57,11
DA:58,2
DA:59,2
DA:62,2
DA:63,1
DA:67,1
DA:69,1
DA:70,1
DA:75,10
DA:77,4
DA:78,4
DA:82,4
DA:83,1
DA:87,1
DA:89,3
DA:90,3
DA:94,9
DA:95,9
DA:96,9
DA:97,9
DA:98,9
DA:100,9
DA:106,9
DA:108,9
DA:120,1
DA:130,15
LF:49
LH:49
BRDA:17,0,0,1
BRDA:17,0,1,13
BRDA:17,1,0,14
BRDA:17,1,1,14
BRDA:43,2,0,2
BRDA:43,2,1,11
BRDA:57,3,0,2
BRDA:57,3,1,9
BRDA:62,4,0,1
BRDA:62,4,1,1
BRDA:75,5,0,4
BRDA:75,5,1,6
BRDA:82,6,0,1
BRDA:82,6,1,3
BRDA:90,7,0,1
BRDA:90,7,1,2
BRDA:94,8,0,9
BRDA:94,8,1,4
BRDA:95,9,0,9
BRDA:95,9,1,9
BRF:20
BRH:20
end_of_record
TN:
SF:POST\index.js
FN:13,(anonymous_0)
FN:34,(anonymous_1)
FNF:2
FNH:2
FNDA:13,(anonymous_0)
FNDA:11,(anonymous_1)
DA:1,1
DA:2,1
DA:3,1
DA:4,1
DA:13,1
DA:14,13
DA:15,13
DA:16,13
DA:17,13
DA:21,13
DA:23,12
DA:24,1
DA:28,1
DA:32,11
DA:34,11
DA:35,11
DA:37,11
DA:38,10
DA:39,10
DA:42,1
DA:47,11
DA:49,11
DA:50,1
DA:54,1
DA:61,10
DA:62,10
DA:64,10
DA:65,8
DA:74,8
DA:77,2
DA:79,2
DA:81,1
DA:85,1
DA:98,1
DA:99,1
DA:115,1
DA:125,13
LF:37
LH:37
BRDA:23,0,0,1
BRDA:23,0,1,11
BRDA:23,1,0,12
BRDA:23,1,1,12
BRDA:49,2,0,1
BRDA:49,2,1,10
BRDA:64,3,0,8
BRDA:64,3,1,2
BRDA:79,4,0,1
BRDA:79,4,1,1
BRF:10
BRH:10
end_of_record
TN:
SF:UPDATE\index.js
FN:13,(anonymous_0)
FN:37,(anonymous_1)
FNF:2
FNH:2
FNDA:14,(anonymous_0)
FNDA:12,(anonymous_1)
DA:1,1
DA:2,1
DA:3,1
DA:4,1
DA:13,1
DA:14,14
DA:16,14
DA:17,14
DA:19,14
DA:23,14
DA:25,13
DA:26,13
DA:27,1
DA:31,1
DA:35,12
DA:37,12
DA:38,12
DA:40,12
DA:41,11
DA:42,11
DA:45,1
DA:50,12
DA:52,12
DA:53,1
DA:57,1
DA:64,11
DA:66,11
DA:68,11
DA:69,11
DA:71,11
DA:72,9
DA:81,9
DA:84,2
DA:86,2
DA:87,1
DA:98,1
DA:111,1
LF:37
LH:37
BRDA:26,0,0,1
BRDA:26,0,1,12
BRDA:26,1,0,13
BRDA:26,1,1,13
BRDA:52,2,0,1
BRDA:52,2,1,11
BRDA:71,3,0,9
BRDA:71,3,1,2
BRDA:86,4,0,1
BRDA:86,4,1,1
BRF:10
BRH:10
end_of_record
