TN:
SF:database-config\Dbconfig.js
FN:6,connectToMongoDB
FNF:1
FNH:1
FNDA:35,connectToMongoDB
DA:1,4
DA:3,4
DA:4,4
DA:7,35
DA:8,35
DA:10,35
DA:11,35
DA:12,35
DA:13,35
DA:16,4
LF:10
LH:10
BRF:0
BRH:0
end_of_record
TN:
SF:employees-delete\index.js
FN:4,(anonymous_0)
FNF:1
FNH:1
FNDA:6,(anonymous_0)
DA:1,1
DA:2,1
DA:4,1
DA:5,6
DA:7,6
DA:8,5
DA:9,5
DA:10,2
DA:14,2
DA:18,3
DA:19,3
DA:21,3
DA:24,3
DA:25,1
DA:26,1
DA:35,1
DA:39,2
DA:40,2
DA:41,1
DA:42,1
DA:53,1
DA:54,1
DA:67,1
DA:68,1
LF:24
LH:24
BRDA:9,0,0,2
BRDA:9,0,1,3
BRDA:24,1,0,1
BRDA:24,1,1,2
BRDA:40,2,0,1
BRDA:40,2,1,1
BRF:6
BRH:6
end_of_record
TN:
SF:employees-get\index.js
FN:4,(anonymous_0)
FN:93,handleBadRequest
FNF:2
FNH:2
FNDA:16,(anonymous_0)
FNDA:2,handleBadRequest
DA:1,1
DA:2,1
DA:4,1
DA:5,16
DA:7,16
DA:8,15
DA:9,15
DA:10,3
DA:14,3
DA:18,12
DA:19,12
DA:22,12
DA:25,12
DA:26,12
DA:27,3
DA:28,3
DA:29,1
DA:31,2
DA:32,2
DA:33,1
DA:35,1
DA:40,11
DA:41,11
DA:42,11
DA:43,4
DA:44,4
DA:45,1
DA:47,3
DA:51,10
DA:52,10
DA:53,10
DA:55,10
DA:56,10
DA:58,10
DA:64,10
DA:65,10
DA:80,1
DA:81,1
DA:94,2
LF:39
LH:39
BRDA:9,0,0,3
BRDA:9,0,1,12
BRDA:26,1,0,3
BRDA:26,1,1,9
BRDA:28,2,0,1
BRDA:28,2,1,2
BRDA:32,3,0,1
BRDA:32,3,1,1
BRDA:42,4,0,4
BRDA:42,4,1,7
BRDA:44,5,0,1
BRDA:44,5,1,3
BRDA:44,6,0,4
BRDA:44,6,1,3
BRDA:44,6,2,2
BRDA:47,7,0,1
BRDA:47,7,1,2
BRDA:51,8,0,10
BRDA:51,8,1,5
BRDA:52,9,0,10
BRDA:52,9,1,10
BRF:21
BRH:21
end_of_record
TN:
SF:employees-post\index.js
FN:14,(anonymous_0)
FNF:1
FNH:1
FNDA:12,(anonymous_0)
DA:1,1
DA:2,1
DA:3,1
DA:5,1
DA:14,1
DA:15,12
DA:16,12
DA:17,11
DA:18,11
DA:19,2
DA:25,9
DA:26,9
DA:28,9
DA:29,9
DA:31,9
DA:32,8
DA:33,8
DA:39,1
DA:41,1
DA:42,1
DA:50,1
DA:51,1
LF:22
LH:22
BRDA:18,0,0,2
BRDA:18,0,1,9
BRDA:31,1,0,8
BRDA:31,1,1,1
BRF:4
BRH:4
end_of_record
TN:
SF:employees-update\index.js
FN:14,(anonymous_0)
FNF:1
FNH:1
FNDA:14,(anonymous_0)
DA:1,1
DA:2,1
DA:3,1
DA:5,1
DA:14,1
DA:15,14
DA:16,14
DA:17,13
DA:18,13
DA:19,2
DA:20,2
DA:24,2
DA:28,11
DA:29,11
DA:33,11
DA:34,11
DA:35,11
DA:36,11
DA:37,11
DA:38,11
DA:39,9
DA:40,9
DA:49,9
DA:51,2
DA:53,2
DA:54,1
DA:55,1
DA:65,1
DA:66,1
DA:79,1
DA:80,1
LF:31
LH:31
BRDA:18,0,0,2
BRDA:18,0,1,11
BRDA:38,1,0,9
BRDA:38,1,1,2
BRDA:53,2,0,1
BRDA:53,2,1,1
BRF:6
BRH:6
end_of_record
TN:
SF:validate-token\uservalidate.js
FN:5,(anonymous_0)
FN:16,(anonymous_1)
FNF:2
FNH:2
FNDA:40,(anonymous_0)
FNDA:48,(anonymous_1)
DA:3,4
DA:5,4
DA:6,40
DA:8,40
DA:9,35
DA:12,5
DA:16,4
DA:17,48
DA:19,44
DA:20,4
DA:24,40
DA:25,40
DA:27,40
DA:30,4
LF:14
LH:14
BRDA:19,0,0,4
BRDA:19,0,1,40
BRDA:19,1,0,44
BRDA:19,1,1,44
BRF:4
BRH:4
end_of_record
